Build started 5.6.2016 г. 16:28:37.
     1>Project "E:\Work\PU\4-ti Kurs\3 trim\Praktika\C-game-course\MyGame\SpaceGame\SpaceGame\SpaceGame.vcxproj" on node 2 (Build target(s)).
     1>ClCompile:
         C:\Program Files (x86)\Microsoft Visual Studio 12.0\VC\bin\CL.exe /c /I"C:\Users\Steve\Desktop\Организации\Codi Camp\Cources\Intro Game Development C++\Lecture5_Indielib\MyGame\SpaceGame\SpaceGame\common\include" /I"C:\Users\Steve\Desktop\Организации\Codi Camp\Cources\Intro Game Development C++\Lecture5_Indielib\MyGame\SpaceGame\SpaceGame\tools\editor_tileless" /I..\..\..\..\common\include /Zi /nologo /W3 /WX- /sdl /O2 /Oi /Oy- /GL /D WIN32 /D NDEBUG /D _WINDOWS /D _UNICODE /D UNICODE /Gm- /EHsc /MD /GS /Gy /fp:precise /Zc:wchar_t /Zc:forScope /Fo"Release\\" /Fd"Release\vc120.pdb" /Gd /TP /analyze- /errorReport:prompt Main.cpp
         Main.cpp
     1>Main.cpp(97): warning C4244: 'argument' : conversion from 'float' to 'int', possible loss of data
     1>Main.cpp(119): warning C4244: 'argument' : conversion from 'int' to 'float', possible loss of data
     1>Main.cpp(121): warning C4244: 'argument' : conversion from 'int' to 'float', possible loss of data
     1>Main.cpp(123): warning C4244: 'argument' : conversion from 'int' to 'float', possible loss of data
     1>Main.cpp(154): warning C4305: '+=' : truncation from 'double' to 'float'
     1>Main.cpp(161): warning C4305: '+=' : truncation from 'double' to 'float'
     1>Main.cpp(168): warning C4305: '+=' : truncation from 'double' to 'float'
     1>Main.cpp(175): warning C4305: '+=' : truncation from 'double' to 'float'
     1>Main.cpp(189): warning C4244: 'argument' : conversion from 'int' to 'float', possible loss of data
     1>Main.cpp(199): warning C4244: 'argument' : conversion from 'int' to 'float', possible loss of data
       Link:
         C:\Program Files (x86)\Microsoft Visual Studio 12.0\VC\bin\link.exe /ERRORREPORT:PROMPT /OUT:"E:\Work\PU\4-ti Kurs\3 trim\Praktika\C-game-course\MyGame\SpaceGame\Release\SpaceGame.exe" /INCREMENTAL:NO /NOLOGO /LIBPATH:"E:\Work\PU\4-ti Kurs\3 trim\Praktika\C-game-course\MyGame\SpaceGame\SpaceGame\bin\win" /LIBPATH:"C:\Users\Steve\Desktop\Организации\Codi Camp\Cources\Intro Game Development C++\Lecture5_Indielib\MyGame\SpaceGame\SpaceGame\bin\win" /LIBPATH:../../../../bin/win IndieLib.lib kernel32.lib user32.lib gdi32.lib winspool.lib comdlg32.lib advapi32.lib shell32.lib ole32.lib oleaut32.lib uuid.lib odbc32.lib odbccp32.lib /MANIFEST /MANIFESTUAC:"level='asInvoker' uiAccess='false'" /manifest:embed /DEBUG /PDB:"E:\Work\PU\4-ti Kurs\3 trim\Praktika\C-game-course\MyGame\SpaceGame\Release\SpaceGame.pdb" /SUBSYSTEM:WINDOWS /OPT:REF /OPT:ICF /LTCG /TLBID:1 /DYNAMICBASE /NXCOMPAT /IMPLIB:"E:\Work\PU\4-ti Kurs\3 trim\Praktika\C-game-course\MyGame\SpaceGame\Release\SpaceGame.lib" /MACHINE:X86 /SAFESEH Release\Main.obj
         Release\CIndieLib.obj
         Generating code
         Finished generating code
         SpaceGame.vcxproj -> E:\Work\PU\4-ti Kurs\3 trim\Praktika\C-game-course\MyGame\SpaceGame\Release\SpaceGame.exe
     1>Done Building Project "E:\Work\PU\4-ti Kurs\3 trim\Praktika\C-game-course\MyGame\SpaceGame\SpaceGame\SpaceGame.vcxproj" (Build target(s)).

Build succeeded.

Time Elapsed 00:00:01.54
